<?xml version="1.0" encoding="UTF-8"?>
<coverage generated="1775519313880" clover="3.2.0">
  <project timestamp="1775519313880" name="All files">
    <metrics statements="21" coveredstatements="21" conditionals="7" coveredconditionals="7" methods="4" coveredmethods="4" elements="32" coveredelements="32" complexity="0" loc="21" ncloc="21" packages="1" files="2" classes="2"/>
    <file name="userService.ts" path="C:\FACULDADE\qa\projeto-testes-unitarios\src\userService.ts">
      <metrics statements="14" coveredstatements="14" conditionals="4" coveredconditionals="4" methods="2" coveredmethods="2"/>
      <line num="1" count="1" type="stmt"/>
      <line num="9" count="1" type="stmt"/>
      <line num="11" count="1" type="stmt"/>
      <line num="12" count="6" type="cond" truecount="1" falsecount="0"/>
      <line num="13" count="1" type="stmt"/>
      <line num="16" count="5" type="cond" truecount="1" falsecount="0"/>
      <line num="17" count="1" type="stmt"/>
      <line num="20" count="4" type="cond" truecount="1" falsecount="0"/>
      <line num="21" count="1" type="stmt"/>
      <line num="24" count="3" type="stmt"/>
      <line num="26" count="3" type="cond" truecount="1" falsecount="0"/>
      <line num="27" count="1" type="stmt"/>
      <line num="30" count="2" type="stmt"/>
      <line num="32" count="2" type="stmt"/>
    </file>
    <file name="validators.ts" path="C:\FACULDADE\qa\projeto-testes-unitarios\src\validators.ts">
      <metrics statements="7" coveredstatements="7" conditionals="3" coveredconditionals="3" methods="2" coveredmethods="2"/>
      <line num="1" count="1" type="stmt"/>
      <line num="2" count="5" type="stmt"/>
      <line num="5" count="1" type="stmt"/>
      <line num="6" count="4" type="stmt"/>
      <line num="7" count="4" type="stmt"/>
      <line num="8" count="4" type="stmt"/>
      <line num="10" count="4" type="cond" truecount="3" falsecount="0"/>
    </file>
  </project>
</coverage>
