TN:
SF:src\userService.ts
FN:11,createUser
FN:24,(anonymous_1)
FNF:2
FNH:2
FNDA:6,createUser
FNDA:3,(anonymous_1)
DA:1,1
DA:9,1
DA:11,1
DA:12,6
DA:13,1
DA:16,5
DA:17,1
DA:20,4
DA:21,1
DA:24,3
DA:26,3
DA:27,1
DA:30,2
DA:32,2
LF:14
LH:14
BRDA:12,0,0,1
BRDA:16,1,0,1
BRDA:20,2,0,1
BRDA:26,3,0,1
BRF:4
BRH:4
end_of_record
TN:
SF:src\validators.ts
FN:1,isValidEmail
FN:5,isValidPassword
FNF:2
FNH:2
FNDA:5,isValidEmail
FNDA:4,isValidPassword
DA:1,1
DA:2,5
DA:5,1
DA:6,4
DA:7,4
DA:8,4
DA:10,4
LF:7
LH:7
BRDA:10,0,0,4
BRDA:10,0,1,3
BRDA:10,0,2,3
BRF:3
BRH:3
end_of_record
